<?xml version="1.0" encoding="utf-8"?>
<TestRun id="e8a0009e-9571-455b-9be9-18c3146bd645" name="dario@PAPI-RYZEN3 2026-08-25 19:53:05" runUser="PAPI-RYZEN3\dario" xmlns="http://microsoft.com/schemas/VisualStudio/TeamTest/2010">
  <Times creation="2026-08-25T19:53:05.2086458-03:00" queuing="2026-08-25T19:53:05.2086458-03:00" start="2026-08-25T19:53:04.9610767-03:00" finish="2026-08-25T19:53:05.2096433-03:00" />
  <TestSettings name="default" id="97e7515f-c6f1-4dba-962e-6f44563b7aae">
    <Deployment runDeploymentRoot="dario_PAPI-RYZEN3_2026-08-25_19_53_05" />
  </TestSettings>
  <TestLists>
    <TestList name="Resultados sin formato de lista" id="8c84fa94-04c1-424b-9868-57a2d4851a1d" />
    <TestList name="Todos los resultados cargados" id="19431567-8539-422a-85d7-44ee4e166bda" />
  </TestLists>
  <ResultSummary outcome="Completed">
    <Counters total="0" executed="0" passed="0" failed="0" error="0" timeout="0" aborted="0" inconclusive="0" passedButRunAborted="0" notRunnable="0" notExecuted="0" disconnected="0" warning="0" completed="0" inProgress="0" pending="0" />
    <RunInfos>
      <RunInfo computerName="PAPI-RYZEN3" outcome="Warning" timestamp="2026-08-25T19:53:05.1941159-03:00">
        <Text>No hay ninguna prueba disponible en D:\UAI\05-TrabajoFinal\repositorio\src\TrabajoFinal-DarioZubaray\BLL.Tests\bin\Debug\BLL.Tests.dll. Asegúrese de que los detectores y ejecutores de pruebas están registrados y de que la configuración de versión de la plataforma y de Framework es correcta y vuelva a intentarlo.</Text>
      </RunInfo>
    </RunInfos>
  </ResultSummary>
</TestRun>